<?xml version="1.0" encoding="UTF-8" ?>
<testsuite tests="18" failures="0" name="praktikum.BurgerTest" time="0.91" errors="0" skipped="0">
  <properties>
    <property name="idea.version" value="2022.1.1"/>
    <property name="java.runtime.name" value="OpenJDK Runtime Environment"/>
    <property name="java.vm.version" value="18.0.1+10-FR"/>
    <property name="sun.boot.library.path" value="/Users/19542018/Library/Java/JavaVirtualMachines/corretto-18.0.1/Contents/Home/lib"/>
    <property name="maven.multiModuleProjectDirectory" value="/Users/19542018/Desktop/Diplom/Diplom_1"/>
    <property name="java.vm.vendor" value="Amazon.com Inc."/>
    <property name="java.vendor.url" value="https://aws.amazon.com/corretto/"/>
    <property name="guice.disable.misplaced.annotation.check" value="true"/>
    <property name="path.separator" value=":"/>
    <property name="java.vm.name" value="OpenJDK 64-Bit Server VM"/>
    <property name="user.country" value="RU"/>
    <property name="sun.java.launcher" value="SUN_STANDARD"/>
    <property name="java.vm.specification.name" value="Java Virtual Machine Specification"/>
    <property name="user.dir" value="/Users/19542018/Desktop/Diplom/Diplom_1"/>
    <property name="java.vm.compressedOopsMode" value="Zero based"/>
    <property name="java.runtime.version" value="18.0.1+10-FR"/>
    <property name="os.arch" value="x86_64"/>
    <property name="java.io.tmpdir" value="/var/folders/0c/4mp5mygs14ng6pkwpc2dfz_m1hkkrp/T/"/>
    <property name="line.separator" value="
"/>
    <property name="java.vm.specification.vendor" value="Oracle Corporation"/>
    <property name="os.name" value="Mac OS X"/>
    <property name="maven.ext.class.path" value="/Applications/IntelliJ IDEA Edu.app/Contents/plugins/maven/lib/maven-event-listener.jar"/>
    <property name="classworlds.conf" value="/Applications/IntelliJ IDEA Edu.app/Contents/plugins/maven/lib/maven3/bin/m2.conf"/>
    <property name="sun.jnu.encoding" value="UTF-8"/>
    <property name="java.library.path" value="/Users/19542018/Library/Java/Extensions:/Library/Java/Extensions:/Network/Library/Java/Extensions:/System/Library/Java/Extensions:/usr/lib/java:."/>
    <property name="maven.conf" value="/Applications/IntelliJ IDEA Edu.app/Contents/plugins/maven/lib/maven3/conf"/>
    <property name="jdk.debug" value="release"/>
    <property name="java.class.version" value="62.0"/>
    <property name="java.specification.name" value="Java Platform API Specification"/>
    <property name="sun.management.compiler" value="HotSpot 64-Bit Tiered Compilers"/>
    <property name="os.version" value="12.4"/>
    <property name="user.home" value="/Users/19542018"/>
    <property name="user.timezone" value="Europe/Moscow"/>
    <property name="file.encoding" value="UTF-8"/>
    <property name="java.specification.version" value="18"/>
    <property name="user.name" value="19542018"/>
    <property name="java.class.path" value="/Applications/IntelliJ IDEA Edu.app/Contents/plugins/maven/lib/maven3/boot/plexus-classworlds.license:/Applications/IntelliJ IDEA Edu.app/Contents/plugins/maven/lib/maven3/boot/plexus-classworlds-2.6.0.jar"/>
    <property name="java.vm.specification.version" value="18"/>
    <property name="sun.arch.data.model" value="64"/>
    <property name="sun.java.command" value="org.codehaus.classworlds.Launcher -Didea.version=2022.1.1 verify"/>
    <property name="java.home" value="/Users/19542018/Library/Java/JavaVirtualMachines/corretto-18.0.1/Contents/Home"/>
    <property name="apple.awt.application.name" value="Launcher"/>
    <property name="user.language" value="ru"/>
    <property name="java.specification.vendor" value="Oracle Corporation"/>
    <property name="java.vm.info" value="mixed mode, sharing"/>
    <property name="java.version" value="18.0.1"/>
    <property name="native.encoding" value="UTF-8"/>
    <property name="java.vendor" value="Amazon.com Inc."/>
    <property name="maven.home" value="/Applications/IntelliJ IDEA Edu.app/Contents/plugins/maven/lib/maven3"/>
    <property name="file.separator" value="/"/>
    <property name="java.version.date" value="2022-04-19"/>
    <property name="java.vendor.url.bug" value="https://github.com/corretto/corretto-18/issues/"/>
    <property name="sun.io.unicode.encoding" value="UnicodeBig"/>
    <property name="sun.cpu.endian" value="little"/>
    <property name="java.vendor.version" value="Corretto-18.0.1.10.1"/>
  </properties>
  <testcase classname="praktikum.BurgerTest" name="addIngredient[0]" time="0.846"/>
  <testcase classname="praktikum.BurgerTest" name="removeIngredient[0]" time="0"/>
  <testcase classname="praktikum.BurgerTest" name="moveIngredient[0]" time="0.001"/>
  <testcase classname="praktikum.BurgerTest" name="getPrice[0]" time="0"/>
  <testcase classname="praktikum.BurgerTest" name="setBuns[0]" time="0.018"/>
  <testcase classname="praktikum.BurgerTest" name="getReceipt[0]" time="0.035"/>
  <testcase classname="praktikum.BurgerTest" name="addIngredient[1]" time="0.001"/>
  <testcase classname="praktikum.BurgerTest" name="removeIngredient[1]" time="0"/>
  <testcase classname="praktikum.BurgerTest" name="moveIngredient[1]" time="0.001"/>
  <testcase classname="praktikum.BurgerTest" name="getPrice[1]" time="0"/>
  <testcase classname="praktikum.BurgerTest" name="setBuns[1]" time="0.001"/>
  <testcase classname="praktikum.BurgerTest" name="getReceipt[1]" time="0.001"/>
  <testcase classname="praktikum.BurgerTest" name="addIngredient[2]" time="0.001"/>
  <testcase classname="praktikum.BurgerTest" name="removeIngredient[2]" time="0"/>
  <testcase classname="praktikum.BurgerTest" name="moveIngredient[2]" time="0.001"/>
  <testcase classname="praktikum.BurgerTest" name="getPrice[2]" time="0"/>
  <testcase classname="praktikum.BurgerTest" name="setBuns[2]" time="0.003"/>
  <testcase classname="praktikum.BurgerTest" name="getReceipt[2]" time="0.001"/>
</testsuite>